<?xml version="1.0" encoding="utf-8"?><testsuites name="pytest tests"><testsuite name="pytest" errors="0" failures="2" skipped="0" tests="45" time="11.523" timestamp="2026-09-01T01:27:27.783688+00:00" hostname="agent-env-7011f22f-b430-4401-a92a-eaf448049c43"><testcase classname="tests.backend_test.TestPublicContent" name="test_pages[home]" time="0.278" /><testcase classname="tests.backend_test.TestHealthAndAuth" name="test_health" time="0.259" /><testcase classname="tests.backend_test.TestHealthAndAuth" name="test_login_sets_httponly_cookie" time="0.370" /><testcase classname="tests.backend_test.TestPublicContent" name="test_pages[about]" time="0.361" /><testcase classname="tests.backend_test.TestHealthAndAuth" name="test_login_invalid_password" time="0.361" /><testcase classname="tests.backend_test.TestPublicContent" name="test_pages[contact]" time="0.137" /><testcase classname="tests.backend_test.TestPublicContent" name="test_page_404" time="0.220" /><testcase classname="tests.backend_test.TestHealthAndAuth" name="test_me_requires_auth" time="0.271" /><testcase classname="tests.backend_test.TestPublicContent" name="test_products" time="0.309" /><testcase classname="tests.backend_test.TestPublicContent" name="test_products_featured_filter" time="0.083" /><testcase classname="tests.backend_test.TestPublicContent" name="test_posts" time="0.459" /><testcase classname="tests.backend_test.TestHealthAndAuth" name="test_me_authenticated" time="0.469" /><testcase classname="tests.backend_test.TestHealthAndAuth" name="test_admin_endpoint_blocked_without_auth" time="0.604" /><testcase classname="tests.backend_test.TestPublicContent" name="test_ai_generated_post_present_and_valid" time="0.095" /><testcase classname="tests.backend_test.TestCountries" name="test_list_countries" time="0.082" /><testcase classname="tests.backend_test.TestCountries" name="test_country_detail_payload[australia]" time="0.078" /><testcase classname="tests.backend_test.TestCountries" name="test_country_detail_payload[germany]" time="0.085" /><testcase classname="tests.backend_test.TestCountries" name="test_country_detail_payload[united-states]" time="0.083" /><testcase classname="tests.backend_test.TestCountries" name="test_country_404" time="0.114" /><testcase classname="tests.backend_test.TestHealthAndAuth" name="test_cors_allows_credentials_for_frontend_origin" time="0.339" /><testcase classname="tests.backend_test.TestAIO" name="test_sitemap" time="0.439" /><testcase classname="tests.backend_test.TestHealthAndAuth" name="test_brute_force_lockout" time="2.158"><failure message="AssertionError: No lockout observed, codes=[401, 401, 401, 401, 401, 401]&#10;assert (429 in [401, 401, 401, 401, 401, 401] or 423 in [401, 401, 401, 401, 401, 401])">backend_test.py:66: in test_brute_force_lockout
    assert 429 in codes or 423 in codes, f"No lockout observed, codes={codes}"
E   AssertionError: No lockout observed, codes=[401, 401, 401, 401, 401, 401]
E   assert (429 in [401, 401, 401, 401, 401, 401] or 423 in [401, 401, 401, 401, 401, 401])</failure></testcase><testcase classname="tests.backend_test.TestAIO" name="test_sitemap_all_urls_have_lastmod" time="0.281"><failure message="AssertionError: 2112 sitemap urls missing &lt;lastmod&gt; (e.g. &lt;loc&gt;https://stone-export-pro.preview.emergentagent.com/export/singapore&lt;/loc&gt;)&#10;assert not ['&lt;loc&gt;https://stone-export-pro.preview.emergentagent.com/export/singapore&lt;/loc&gt;', '&lt;loc&gt;https://stone-export-pro.preview.emergentagent.com/export/malaysia&lt;/loc&gt;', '&lt;loc&gt;https://stone-export-pro.preview.emergentagent.com/export/thailand&lt;/loc&gt;', '&lt;loc&gt;https://stone-export-pro.preview.emergentagent.com/export/vietnam&lt;/loc&gt;', '&lt;loc&gt;https://stone-export-pro.preview.emergentagent.com/export/philippines&lt;/loc&gt;', '&lt;loc&gt;https://stone-export-pro.preview.emergentagent.com/export/cambodia&lt;/loc&gt;', ...]">backend_test.py:135: in test_sitemap_all_urls_have_lastmod
    assert not missing, f"{len(missing)} sitemap urls missing &lt;lastmod&gt; (e.g. {missing[0][:120]})"
E   AssertionError: 2112 sitemap urls missing &lt;lastmod&gt; (e.g. &lt;loc&gt;https://stone-export-pro.preview.emergentagent.com/export/singapore&lt;/loc&gt;)
E   assert not ['&lt;loc&gt;https://stone-export-pro.preview.emergentagent.com/export/singapore&lt;/loc&gt;', '&lt;loc&gt;https://stone-export-pro.preview.emergentagent.com/export/malaysia&lt;/loc&gt;', '&lt;loc&gt;https://stone-export-pro.preview.emergentagent.com/export/thailand&lt;/loc&gt;', '&lt;loc&gt;https://stone-export-pro.preview.emergentagent.com/export/vietnam&lt;/loc&gt;', '&lt;loc&gt;https://stone-export-pro.preview.emergentagent.com/export/philippines&lt;/loc&gt;', '&lt;loc&gt;https://stone-export-pro.preview.emergentagent.com/export/cambodia&lt;/loc&gt;', ...]</failure></testcase><testcase classname="tests.backend_test.TestAIO" name="test_llms_txt" time="0.629" /><testcase classname="tests.backend_test.TestAIO" name="test_llms_full_txt" time="0.094" /><testcase classname="tests.backend_test.TestAIO" name="test_robots_txt" time="0.138" /><testcase classname="tests.test_keywords_supplier.TestSupplierPages" name="test_supplier_payload[pool-coping-united-arab-emirates]" time="0.116" /><testcase classname="tests.test_keywords_supplier.TestSupplierPages" name="test_supplier_payload[pedra-bali-australia]" time="0.091" /><testcase classname="tests.test_keywords_supplier.TestSupplierPages" name="test_supplier_unknown_keyword_404" time="0.265" /><testcase classname="tests.test_keywords_supplier.TestSupplierPages" name="test_supplier_unknown_country_404" time="0.079" /><testcase classname="tests.backend_test.TestAdminCRUD" name="test_stats" time="0.203" /><testcase classname="tests.backend_test.TestAdminCRUD" name="test_product_crud" time="0.768" /><testcase classname="tests.backend_test.TestInquiries" name="test_create_inquiry" time="0.717" /><testcase classname="tests.backend_test.TestInquiries" name="test_inquiry_validation" time="0.120" /><testcase classname="tests.backend_test.TestInquiries" name="test_update_and_delete_inquiry" time="0.440" /><testcase classname="tests.backend_test.TestAdminCRUD" name="test_post_crud" time="0.571" /><testcase classname="tests.backend_test.TestAutoblogSettings" name="test_get_settings" time="0.114" /><testcase classname="tests.backend_test.TestAutoblogSettings" name="test_toggle_settings" time="0.506" /><testcase classname="tests.backend_test.TestAdminCRUD" name="test_page_update_rejects_unknown_slug" time="0.107" /><testcase classname="tests.backend_test.TestAutoblogSettings" name="test_put_validation" time="0.073" /><testcase classname="tests.backend_test.TestAdminCRUD" name="test_page_update_roundtrip" time="0.429" /><testcase classname="tests.test_keywords_supplier.TestAdminKeywordCRUD" name="test_keyword_crud_and_programmatic_pages" time="4.140" /><testcase classname="tests.test_keywords_supplier.TestKeywords" name="test_list_keywords" time="0.089" /><testcase classname="tests.test_keywords_supplier.TestSitemapScale" name="test_sitemap_contains_programmatic_urls" time="0.164" /><testcase classname="tests.test_keywords_supplier.TestAdminKeywordCRUD" name="test_keyword_crud_requires_auth" time="0.465" /></testsuite></testsuites>